\BOOKMARK [0][-]{part.1}{\376\377\000I\000\040\000S\000o\000f\000t\000w\000a\000r\000e}{}% 1
\BOOKMARK [1][-]{section.1}{\376\377\000O\000v\000e\000r\000v\000i\000e\000w\000\040\000\046\000\040\000D\000a\000t\000a\000f\000l\000o\000w}{part.1}% 2
\BOOKMARK [2][-]{subsection.1.1}{\376\377\000M\000o\000t\000i\000o\000n\000\040\000D\000a\000t\000a\000f\000l\000o\000w}{section.1}% 3
\BOOKMARK [2][-]{subsection.1.2}{\376\377\000L\000o\000c\000a\000l\000i\000z\000a\000t\000i\000o\000n\000\040\000D\000a\000t\000a\000f\000l\000o\000w}{section.1}% 4
\BOOKMARK [2][-]{subsection.1.3}{\376\377\000C\000o\000m\000p\000u\000t\000e\000r\000\040\000V\000i\000s\000i\000o\000n\000\040\000D\000a\000t\000a\000f\000l\000o\000w}{section.1}% 5
\BOOKMARK [1][-]{section.2}{\376\377\000C\000o\000n\000s\000o\000l\000e}{part.1}% 6
\BOOKMARK [2][-]{subsection.2.1}{\376\377\000N\000a\000v\000i\000g\000a\000t\000i\000o\000n\000\040\000\046\000\040\000C\000o\000n\000t\000r\000o\000l}{section.2}% 7
\BOOKMARK [2][-]{subsection.2.2}{\376\377\000C\000o\000m\000p\000u\000t\000e\000r\000\040\000V\000i\000s\000i\000o\000n}{section.2}% 8
\BOOKMARK [2][-]{subsection.2.3}{\376\377\000C\000o\000m\000m\000u\000n\000i\000c\000a\000t\000i\000o\000n}{section.2}% 9
\BOOKMARK [1][-]{section.3}{\376\377\000E\000m\000b\000e\000d\000d\000e\000d}{part.1}% 10
\BOOKMARK [1][-]{section.4}{\376\377\000L\000o\000c\000a\000l\000i\000z\000a\000t\000i\000o\000n\000\040\000\046\000\040\000M\000o\000t\000i\000o\000n}{part.1}% 11
\BOOKMARK [2][-]{subsection.4.1}{\376\377\000I\000n\000p\000u\000t\000\040\000I\000n\000t\000e\000r\000p\000o\000l\000a\000t\000i\000o\000n\000\040\000\046\000\040\000D\000i\000s\000p\000a\000t\000c\000h\000i\000n\000g}{section.4}% 12
\BOOKMARK [2][-]{subsection.4.2}{\376\377\000E\000x\000t\000e\000n\000d\000e\000d\000\040\000K\000a\000l\000m\000a\000n\000\040\000F\000i\000l\000t\000e\000r}{section.4}% 13
\BOOKMARK [1][-]{section.5}{\376\377\000S\000e\000t\000u\000p\000\040\000I\000n\000s\000t\000r\000u\000c\000t\000i\000o\000n\000s}{part.1}% 14
\BOOKMARK [0][-]{part.2}{\376\377\000I\000I\000\040\000H\000a\000r\000d\000w\000a\000r\000e}{}% 15
\BOOKMARK [1][-]{section.6}{\376\377\000M\000e\000c\000h\000a\000n\000i\000c\000a\000l}{part.2}% 16
\BOOKMARK [2][-]{subsection.6.1}{\376\377\000M\000o\000t\000o\000r\000s}{section.6}% 17
\BOOKMARK [2][-]{subsection.6.2}{\376\377\000W\000h\000e\000e\000l\000s}{section.6}% 18
\BOOKMARK [2][-]{subsection.6.3}{\376\377\000M\000a\000t\000e\000r\000i\000a\000l\000s\000\040\000\046\000\040\000D\000i\000m\000e\000n\000s\000i\000o\000n\000s}{section.6}% 19
\BOOKMARK [1][-]{section.7}{\376\377\000E\000l\000e\000c\000t\000r\000i\000c\000a\000l}{part.2}% 20
\BOOKMARK [2][-]{subsection.7.1}{\376\377\000O\000v\000e\000r\000v\000i\000e\000w}{section.7}% 21
\BOOKMARK [2][-]{subsection.7.2}{\376\377\000F\000e\000a\000t\000u\000r\000e\000s}{section.7}% 22
\BOOKMARK [2][-]{subsection.7.3}{\376\377\000P\000i\000n\000o\000u\000t\000\040\000\046\000\040\000F\000u\000n\000c\000t\000i\000o\000n\000a\000l\000i\000t\000y}{section.7}% 23
\BOOKMARK [3][-]{subsubsection.7.3.1}{\376\377\000P\000i\000n\000o\000u\000t}{subsection.7.3}% 24
\BOOKMARK [3][-]{subsubsection.7.3.2}{\376\377\000W\000o\000r\000k\000i\000n\000g\000\040\000P\000r\000i\000n\000c\000i\000p\000l\000e}{subsection.7.3}% 25
\BOOKMARK [2][-]{subsection.7.4}{\376\377\000D\000i\000f\000f\000e\000r\000e\000n\000c\000e\000\040\000B\000e\000t\000w\000e\000e\000n\000\040\000L\0002\0009\0003\000D\000\040\000a\000n\000d\000\040\000L\0002\0009\0003}{section.7}% 26
\BOOKMARK [2][-]{subsection.7.5}{\376\377\000P\000r\000a\000c\000t\000i\000c\000a\000l\000\040\000A\000p\000p\000l\000i\000c\000a\000t\000i\000o\000n\000s}{section.7}% 27
\BOOKMARK [2][-]{subsection.7.6}{\376\377\000C\000i\000r\000c\000u\000i\000t\000\040\000E\000x\000a\000m\000p\000l\000e}{section.7}% 28
\BOOKMARK [2][-]{subsection.7.7}{\376\377\000C\000o\000n\000c\000l\000u\000s\000i\000o\000n}{section.7}% 29
\BOOKMARK [2][-]{subsection.7.8}{\376\377\000O\000u\000r\000\040\000C\000i\000r\000c\000u\000i\000t}{section.7}% 30
